<?xml version="1.0" encoding="utf-8"?><testsuites name="pytest tests"><testsuite name="pytest" errors="0" failures="0" skipped="0" tests="8" time="0.205" timestamp="2025-11-26T20:06:31.498826-06:00" hostname="workstation"><testcase classname="backend.tests.test_generated_models" name="test_realtime_revenue_response_instantiation" time="0.001" /><testcase classname="backend.tests.test_generated_models" name="test_realtime_revenue_response_validation_failure" time="0.001" /><testcase classname="backend.tests.test_generated_models" name="test_login_request_instantiation" time="0.013" /><testcase classname="backend.tests.test_generated_models" name="test_login_response_instantiation" time="0.000" /><testcase classname="backend.tests.test_generated_models" name="test_refresh_request_instantiation" time="0.000" /><testcase classname="backend.tests.test_generated_models" name="test_refresh_response_instantiation" time="0.000" /><testcase classname="backend.tests.test_generated_models" name="test_reconciliation_status_response_instantiation" time="0.000" /><testcase classname="backend.tests.test_generated_models" name="test_export_revenue_response_instantiation" time="0.000" /></testsuite></testsuites>